<?xml version="1.0" encoding="UTF-8"?>
<!-- Generated by org.testng.reporters.JUnitReportReporter -->
<testsuite hostname="DESKTOP-AQK5GD2" failures="0" tests="2" name="com.qacart.todo.testcases.TodoTest" time="58.492" errors="0" timestamp="2022-08-28T10:56:14 PDT" skipped="0">
  <testcase classname="com.qacart.todo.testcases.TodoTest" name="deleteTodo" time="29.253"/>
  <system-out/>
  <testcase classname="com.qacart.todo.testcases.TodoTest" name="addNewTodo" time="29.239"/>
  <system-out/>
</testsuite> <!-- com.qacart.todo.testcases.TodoTest -->
