<?xml version="1.0" encoding="UTF-8"?>
<!-- Generated by org.testng.reporters.JUnitReportReporter -->
<testsuite hostname="DESKTOP-AQK5GD2" failures="0" tests="1" name="com.qacart.todo.testcases.LoginTest" time="19.596" errors="0" timestamp="2022-08-28T10:56:14 PDT" skipped="0">
  <testcase classname="com.qacart.todo.testcases.LoginTest" name="LoginToApp" time="19.596"/>
  <system-out/>
</testsuite> <!-- com.qacart.todo.testcases.LoginTest -->
